bin\basicTwitterExample_debug.ilk
D:\WORK\OF_V0.7.4_VS2010_RELEASE\APPS\MYAPPS\BASICTWITTEREXAMPLE\BIN\BASICTWITTEREXAMPLE_DEBUG.EXE
d:\work\of_v0.7.4_vs2010_release\apps\myApps\basicTwitterExample\bin\basicTwitterExample_debug.exp
D:\WORK\OF_V0.7.4_VS2010_RELEASE\APPS\MYAPPS\BASICTWITTEREXAMPLE\BIN\BASICTWITTEREXAMPLE_DEBUG.ILK
d:\work\of_v0.7.4_vs2010_release\apps\myApps\basicTwitterExample\bin\basicTwitterExample_debug.lib
D:\WORK\OF_V0.7.4_VS2010_RELEASE\APPS\MYAPPS\BASICTWITTEREXAMPLE\BIN\BASICTWITTEREXAMPLE_DEBUG_DEBUGINFO.PDB
d:\work\of_v0.7.4_vs2010_release\apps\myApps\basicTwitterExample\obj\Debug\basicTwitterExample.write.1.tlog
D:\WORK\OF_V0.7.4_VS2010_RELEASE\APPS\MYAPPS\BASICTWITTEREXAMPLE\OBJ\DEBUG\BASICTWITTEREXAMPLE_DEBUG.EXE.EMBED.MANIFEST
D:\WORK\OF_V0.7.4_VS2010_RELEASE\APPS\MYAPPS\BASICTWITTEREXAMPLE\OBJ\DEBUG\BASICTWITTEREXAMPLE_DEBUG.EXE.EMBED.MANIFEST.RES
D:\WORK\OF_V0.7.4_VS2010_RELEASE\APPS\MYAPPS\BASICTWITTEREXAMPLE\OBJ\DEBUG\BASICTWITTEREXAMPLE_DEBUG.EXE.INTERMEDIATE.MANIFEST
d:\work\of_v0.7.4_vs2010_release\apps\myApps\basicTwitterExample\obj\Debug\basicTwitterExample_debug_manifest.rc
d:\work\of_v0.7.4_vs2010_release\apps\myApps\basicTwitterExample\obj\Debug\cl.command.1.tlog
d:\work\of_v0.7.4_vs2010_release\apps\myApps\basicTwitterExample\obj\Debug\CL.read.1.tlog
d:\work\of_v0.7.4_vs2010_release\apps\myApps\basicTwitterExample\obj\Debug\CL.write.1.tlog
D:\WORK\OF_V0.7.4_VS2010_RELEASE\APPS\MYAPPS\BASICTWITTEREXAMPLE\OBJ\DEBUG\DUMP.OBJ
D:\WORK\OF_V0.7.4_VS2010_RELEASE\APPS\MYAPPS\BASICTWITTEREXAMPLE\OBJ\DEBUG\ERROR.OBJ
D:\WORK\OF_V0.7.4_VS2010_RELEASE\APPS\MYAPPS\BASICTWITTEREXAMPLE\OBJ\DEBUG\HASHTABLE.OBJ
d:\work\of_v0.7.4_vs2010_release\apps\myApps\basicTwitterExample\obj\Debug\link.5512.read.1.tlog
d:\work\of_v0.7.4_vs2010_release\apps\myApps\basicTwitterExample\obj\Debug\link.5512.write.1.tlog
d:\work\of_v0.7.4_vs2010_release\apps\myApps\basicTwitterExample\obj\Debug\link.5512-cvtres.read.1.tlog
d:\work\of_v0.7.4_vs2010_release\apps\myApps\basicTwitterExample\obj\Debug\link.5512-cvtres.write.1.tlog
d:\work\of_v0.7.4_vs2010_release\apps\myApps\basicTwitterExample\obj\Debug\link.command.1.tlog
d:\work\of_v0.7.4_vs2010_release\apps\myApps\basicTwitterExample\obj\Debug\link.read.1.tlog
d:\work\of_v0.7.4_vs2010_release\apps\myApps\basicTwitterExample\obj\Debug\link.write.1.tlog
d:\work\of_v0.7.4_vs2010_release\apps\myApps\basicTwitterExample\obj\Debug\link-cvtres.read.1.tlog
d:\work\of_v0.7.4_vs2010_release\apps\myApps\basicTwitterExample\obj\Debug\link-cvtres.write.1.tlog
D:\WORK\OF_V0.7.4_VS2010_RELEASE\APPS\MYAPPS\BASICTWITTEREXAMPLE\OBJ\DEBUG\LOAD.OBJ
D:\WORK\OF_V0.7.4_VS2010_RELEASE\APPS\MYAPPS\BASICTWITTEREXAMPLE\OBJ\DEBUG\MAIN.OBJ
D:\WORK\OF_V0.7.4_VS2010_RELEASE\APPS\MYAPPS\BASICTWITTEREXAMPLE\OBJ\DEBUG\MEMORY.OBJ
D:\WORK\OF_V0.7.4_VS2010_RELEASE\APPS\MYAPPS\BASICTWITTEREXAMPLE\OBJ\DEBUG\MODP_B64.OBJ
d:\work\of_v0.7.4_vs2010_release\apps\myApps\basicTwitterExample\obj\Debug\mt.command.1.tlog
d:\work\of_v0.7.4_vs2010_release\apps\myApps\basicTwitterExample\obj\Debug\mt.read.1.tlog
d:\work\of_v0.7.4_vs2010_release\apps\myApps\basicTwitterExample\obj\Debug\mt.write.1.tlog
D:\WORK\OF_V0.7.4_VS2010_RELEASE\APPS\MYAPPS\BASICTWITTEREXAMPLE\OBJ\DEBUG\OFXHTTPUTILS.OBJ
D:\WORK\OF_V0.7.4_VS2010_RELEASE\APPS\MYAPPS\BASICTWITTEREXAMPLE\OBJ\DEBUG\OFXTWEET.OBJ
D:\WORK\OF_V0.7.4_VS2010_RELEASE\APPS\MYAPPS\BASICTWITTEREXAMPLE\OBJ\DEBUG\OFXTWITTER.OBJ
D:\WORK\OF_V0.7.4_VS2010_RELEASE\APPS\MYAPPS\BASICTWITTEREXAMPLE\OBJ\DEBUG\OFXTWITTERCONNECTOR.OBJ
D:\WORK\OF_V0.7.4_VS2010_RELEASE\APPS\MYAPPS\BASICTWITTEREXAMPLE\OBJ\DEBUG\PACK_UNPACK.OBJ
d:\work\of_v0.7.4_vs2010_release\apps\myApps\basicTwitterExample\obj\Debug\rc.command.1.tlog
d:\work\of_v0.7.4_vs2010_release\apps\myApps\basicTwitterExample\obj\Debug\rc.read.1.tlog
d:\work\of_v0.7.4_vs2010_release\apps\myApps\basicTwitterExample\obj\Debug\rc.write.1.tlog
D:\WORK\OF_V0.7.4_VS2010_RELEASE\APPS\MYAPPS\BASICTWITTEREXAMPLE\OBJ\DEBUG\STRBUFFER.OBJ
D:\WORK\OF_V0.7.4_VS2010_RELEASE\APPS\MYAPPS\BASICTWITTEREXAMPLE\OBJ\DEBUG\STRCONV.OBJ
D:\WORK\OF_V0.7.4_VS2010_RELEASE\APPS\MYAPPS\BASICTWITTEREXAMPLE\OBJ\DEBUG\TESTAPP.OBJ
D:\WORK\OF_V0.7.4_VS2010_RELEASE\APPS\MYAPPS\BASICTWITTEREXAMPLE\OBJ\DEBUG\UTF.OBJ
D:\WORK\OF_V0.7.4_VS2010_RELEASE\APPS\MYAPPS\BASICTWITTEREXAMPLE\OBJ\DEBUG\VALUE.OBJ
d:\work\of_v0.7.4_vs2010_release\apps\myApps\basicTwitterExample\obj\Debug\vc100.idb
D:\WORK\OF_V0.7.4_VS2010_RELEASE\APPS\MYAPPS\BASICTWITTEREXAMPLE\OBJ\DEBUG\VC100.PDB
